# JRE version: Java(TM) SE Runtime Environment (8.0_191-b12) (build 1.8.0_191-b12)
# Java VM: Java HotSpot(TM) Client VM (25.191-b12 mixed mode windows-x86 )
Heap:
 def new generation   total 4928K, used 1455K [0x03c00000, 0x04150000, 0x09150000)
  eden space 4416K,  25% used [0x03c00000, 0x03d1c0c8, 0x04050000)
  from space 512K,  62% used [0x040d0000, 0x0411fb70, 0x04150000)
  to   space 512K,   0% used [0x04050000, 0x04050000, 0x040d0000)
 tenured generation   total 10944K, used 6765K [0x09150000, 0x09c00000, 0x13c00000)
   the space 10944K,  61% used [0x09150000, 0x097eb578, 0x097eb600, 0x09c00000)
 Metaspace       used 8969K, capacity 9171K, committed 9216K, reserved 9600K
GC Heap History (10 events):
Event: 0.779 GC heap before
{Heap before GC invocations=0 (full 0):
 def new generation   total 4928K, used 4416K [0x03c00000, 0x04150000, 0x09150000)
  eden space 4416K, 100% used [0x03c00000, 0x04050000, 0x04050000)
  from space 512K,   0% used [0x04050000, 0x04050000, 0x040d0000)
  to   space 512K,   0% used [0x040d0000, 0x040d0000, 0x04150000)
 tenured generation   total 10944K, used 0K [0x09150000, 0x09c00000, 0x13c00000)
   the space 10944K,   0% used [0x09150000, 0x09150000, 0x09150200, 0x09c00000)
 Metaspace       used 6949K, capacity 7120K, committed 7168K, reserved 7552K
Event: 0.785 GC heap after
Heap after GC invocations=1 (full 0):
 def new generation   total 4928K, used 512K [0x03c00000, 0x04150000, 0x09150000)
  eden space 4416K,   0% used [0x03c00000, 0x03c00000, 0x04050000)
  from space 512K, 100% used [0x040d0000, 0x04150000, 0x04150000)
  to   space 512K,   0% used [0x04050000, 0x04050000, 0x040d0000)
 tenured generation   total 10944K, used 1021K [0x09150000, 0x09c00000, 0x13c00000)
   the space 10944K,   9% used [0x09150000, 0x0924f678, 0x0924f800, 0x09c00000)
 Metaspace       used 6949K, capacity 7120K, committed 7168K, reserved 7552K
}
Event: 0.995 GC heap before
{Heap before GC invocations=1 (full 0):
 def new generation   total 4928K, used 3538K [0x03c00000, 0x04150000, 0x09150000)
  eden space 4416K,  68% used [0x03c00000, 0x03ef49c8, 0x04050000)
  from space 512K, 100% used [0x040d0000, 0x04150000, 0x04150000)
  to   space 512K,   0% used [0x04050000, 0x04050000, 0x040d0000)
 tenured generation   total 10944K, used 1021K [0x09150000, 0x09c00000, 0x13c00000)
   the space 10944K,   9% used [0x09150000, 0x0924f678, 0x0924f800, 0x09c00000)
 Metaspace       used 8313K, capacity 8499K, committed 8576K, reserved 8576K
Event: 1.001 GC heap after
Heap after GC invocations=2 (full 0):
 def new generation   total 4928K, used 512K [0x03c00000, 0x04150000, 0x09150000)
  eden space 4416K,   0% used [0x03c00000, 0x03c00000, 0x04050000)
  from space 512K, 100% used [0x04050000, 0x040d0000, 0x040d0000)
  to   space 512K,   0% used [0x040d0000, 0x040d0000, 0x04150000)
 tenured generation   total 10944K, used 2089K [0x09150000, 0x09c00000, 0x13c00000)
   the space 10944K,  19% used [0x09150000, 0x0935a4d8, 0x0935a600, 0x09c00000)
 Metaspace       used 8313K, capacity 8499K, committed 8576K, reserved 8576K
}
Event: 2.162 GC heap before
{Heap before GC invocations=2 (full 0):
 def new generation   total 4928K, used 4928K [0x03c00000, 0x04150000, 0x09150000)
  eden space 4416K, 100% used [0x03c00000, 0x04050000, 0x04050000)
  from space 512K, 100% used [0x04050000, 0x040d0000, 0x040d0000)
  to   space 512K,   0% used [0x040d0000, 0x040d0000, 0x04150000)
 tenured generation   total 10944K, used 2089K [0x09150000, 0x09c00000, 0x13c00000)
   the space 10944K,  19% used [0x09150000, 0x0935a4d8, 0x0935a600, 0x09c00000)
 Metaspace       used 8899K, capacity 9107K, committed 9216K, reserved 9600K
Event: 2.170 GC heap after
Heap after GC invocations=3 (full 0):
 def new generation   total 4928K, used 270K [0x03c00000, 0x04150000, 0x09150000)
  eden space 4416K,   0% used [0x03c00000, 0x03c00000, 0x04050000)
  from space 512K,  52% used [0x040d0000, 0x04113a00, 0x04150000)
  to   space 512K,   0% used [0x04050000, 0x04050000, 0x040d0000)
 tenured generation   total 10944K, used 5725K [0x09150000, 0x09c00000, 0x13c00000)
   the space 10944K,  52% used [0x09150000, 0x096e7588, 0x096e7600, 0x09c00000)
 Metaspace       used 8899K, capacity 9107K, committed 9216K, reserved 9600K
}
Event: 2.376 GC heap before
{Heap before GC invocations=3 (full 0):
 def new generation   total 4928K, used 4686K [0x03c00000, 0x04150000, 0x09150000)
  eden space 4416K, 100% used [0x03c00000, 0x04050000, 0x04050000)
  from space 512K,  52% used [0x040d0000, 0x04113a00, 0x04150000)
  to   space 512K,   0% used [0x04050000, 0x04050000, 0x040d0000)
 tenured generation   total 10944K, used 5725K [0x09150000, 0x09c00000, 0x13c00000)
   the space 10944K,  52% used [0x09150000, 0x096e7588, 0x096e7600, 0x09c00000)
 Metaspace       used 8903K, capacity 9107K, committed 9216K, reserved 9600K
Event: 2.380 GC heap after
Heap after GC invocations=4 (full 0):
 def new generation   total 4928K, used 512K [0x03c00000, 0x04150000, 0x09150000)
  eden space 4416K,   0% used [0x03c00000, 0x03c00000, 0x04050000)
  from space 512K, 100% used [0x04050000, 0x040d0000, 0x040d0000)
  to   space 512K,   0% used [0x040d0000, 0x040d0000, 0x04150000)
 tenured generation   total 10944K, used 6262K [0x09150000, 0x09c00000, 0x13c00000)
   the space 10944K,  57% used [0x09150000, 0x0976d820, 0x0976da00, 0x09c00000)
 Metaspace       used 8903K, capacity 9107K, committed 9216K, reserved 9600K
}
Event: 2.467 GC heap before
{Heap before GC invocations=4 (full 0):
 def new generation   total 4928K, used 4928K [0x03c00000, 0x04150000, 0x09150000)
  eden space 4416K, 100% used [0x03c00000, 0x04050000, 0x04050000)
  from space 512K, 100% used [0x04050000, 0x040d0000, 0x040d0000)
  to   space 512K,   0% used [0x040d0000, 0x040d0000, 0x04150000)
 tenured generation   total 10944K, used 6262K [0x09150000, 0x09c00000, 0x13c00000)
   the space 10944K,  57% used [0x09150000, 0x0976d820, 0x0976da00, 0x09c00000)
 Metaspace       used 8917K, capacity 9107K, committed 9216K, reserved 9600K
Event: 2.471 GC heap after
Heap after GC invocations=5 (full 0):
 def new generation   total 4928K, used 318K [0x03c00000, 0x04150000, 0x09150000)
  eden space 4416K,   0% used [0x03c00000, 0x03c00000, 0x04050000)
  from space 512K,  62% used [0x040d0000, 0x0411fb70, 0x04150000)
  to   space 512K,   0% used [0x04050000, 0x04050000, 0x040d0000)
 tenured generation   total 10944K, used 6765K [0x09150000, 0x09c00000, 0x13c00000)
   the space 10944K,  61% used [0x09150000, 0x097eb578, 0x097eb600, 0x09c00000)
 Metaspace       used 8917K, capacity 9107K, committed 9216K, reserved 9600K
}

